Release 14.2 - xst P.28xd (nt64)
Copyright (c) 1995-2012 Xilinx, Inc.  All rights reserved.
--> Parameter TMPDIR set to xst/projnav.tmp


Total REAL time to Xst completion: 0.00 secs
Total CPU time to Xst completion: 0.80 secs
 
--> Parameter xsthdpdir set to xst


Total REAL time to Xst completion: 0.00 secs
Total CPU time to Xst completion: 0.80 secs
 
--> Reading design: SHOPPINGMALL.prj

TABLE OF CONTENTS
  1) Synthesis Options Summary
  2) HDL Parsing
  3) HDL Elaboration
  4) HDL Synthesis
       4.1) HDL Synthesis Report
  5) Advanced HDL Synthesis
       5.1) Advanced HDL Synthesis Report
  6) Low Level Synthesis
  7) Partition Report
  8) Design Summary
       8.1) Primitive and Black Box Usage
       8.2) Device utilization summary
       8.3) Partition Resource Summary
       8.4) Timing Report
            8.4.1) Clock Information
            8.4.2) Asynchronous Control Signals Information
            8.4.3) Timing Summary
            8.4.4) Timing Details
            8.4.5) Cross Clock Domains Report


=========================================================================
*                      Synthesis Options Summary                        *
=========================================================================
---- Source Parameters
Input File Name                    : "SHOPPINGMALL.prj"
Ignore Synthesis Constraint File   : NO

---- Target Parameters
Output File Name                   : "SHOPPINGMALL"
Output Format                      : NGC
Target Device                      : xc7a100t-3-csg324

---- Source Options
Top Module Name                    : SHOPPINGMALL
Automatic FSM Extraction           : YES
FSM Encoding Algorithm             : Auto
Safe Implementation                : No
FSM Style                          : LUT
RAM Extraction                     : Yes
RAM Style                          : Auto
ROM Extraction                     : Yes
Shift Register Extraction          : YES
ROM Style                          : Auto
Resource Sharing                   : YES
Asynchronous To Synchronous        : NO
Shift Register Minimum Size        : 2
Use DSP Block                      : Auto
Automatic Register Balancing       : No

---- Target Options
LUT Combining                      : Auto
Reduce Control Sets                : Auto
Add IO Buffers                     : YES
Global Maximum Fanout              : 100000
Add Generic Clock Buffer(BUFG)     : 32
Register Duplication               : YES
Optimize Instantiated Primitives   : NO
Use Clock Enable                   : Auto
Use Synchronous Set                : Auto
Use Synchronous Reset              : Auto
Pack IO Registers into IOBs        : Auto
Equivalent register Removal        : YES

---- General Options
Optimization Goal                  : Speed
Optimization Effort                : 1
Power Reduction                    : NO
Keep Hierarchy                     : No
Netlist Hierarchy                  : As_Optimized
RTL Output                         : Yes
Global Optimization                : AllClockNets
Read Cores                         : YES
Write Timing Constraints           : NO
Cross Clock Analysis               : NO
Hierarchy Separator                : /
Bus Delimiter                      : <>
Case Specifier                     : Maintain
Slice Utilization Ratio            : 100
BRAM Utilization Ratio             : 100
DSP48 Utilization Ratio            : 100
Auto BRAM Packing                  : NO
Slice Utilization Ratio Delta      : 5

=========================================================================


=========================================================================
*                          HDL Parsing                                  *
=========================================================================
Analyzing Verilog file "G:\SHOPPING_MALL\FULL_SUBTRACTOR\FULL_SUBTRACTOR.v" into library work
Parsing module <FULL_SUBTRACTOR>.
Analyzing Verilog file "G:\SHOPPING_MALL\counter\counter.v" into library work
Parsing module <counter>.
Analyzing Verilog file "G:\SHOPPING_MALL\SHOPPINGMALL\SHOPPINGMALL.v" into library work
Parsing module <SHOPPINGMALL>.

=========================================================================
*                            HDL Elaboration                            *
=========================================================================
WARNING:HDLCompiler:1016 - "G:\SHOPPING_MALL\SHOPPINGMALL\SHOPPINGMALL.v" Line 27: Port counter_output is not connected to this instance
WARNING:HDLCompiler:1016 - "G:\SHOPPING_MALL\SHOPPINGMALL\SHOPPINGMALL.v" Line 28: Port counter_output is not connected to this instance
WARNING:HDLCompiler:1016 - "G:\SHOPPING_MALL\SHOPPINGMALL\SHOPPINGMALL.v" Line 29: Port D is not connected to this instance

Elaborating module <SHOPPINGMALL>.

Elaborating module <counter>.
WARNING:HDLCompiler:413 - "G:\SHOPPING_MALL\counter\counter.v" Line 32: Result of 5-bit expression is truncated to fit in 4-bit target.
WARNING:HDLCompiler:189 - "G:\SHOPPING_MALL\SHOPPINGMALL\SHOPPINGMALL.v" Line 27: Size mismatch in connection of port <enable>. Formal port size is 1-bit while actual signal size is 4-bit.
WARNING:HDLCompiler:189 - "G:\SHOPPING_MALL\SHOPPINGMALL\SHOPPINGMALL.v" Line 28: Size mismatch in connection of port <enable>. Formal port size is 1-bit while actual signal size is 4-bit.

Elaborating module <FULL_SUBTRACTOR>.
WARNING:HDLCompiler:189 - "G:\SHOPPING_MALL\SHOPPINGMALL\SHOPPINGMALL.v" Line 29: Size mismatch in connection of port <x>. Formal port size is 1-bit while actual signal size is 4-bit.
WARNING:HDLCompiler:634 - "G:\SHOPPING_MALL\SHOPPINGMALL\SHOPPINGMALL.v" Line 26: Net <Q[4]> does not have a driver.
WARNING:Xst:2972 - "G:\SHOPPING_MALL\SHOPPINGMALL\SHOPPINGMALL.v" line 27. All outputs of instance <c1> of block <counter> are unconnected in block <SHOPPINGMALL>. Underlying logic will be removed.
WARNING:Xst:2972 - "G:\SHOPPING_MALL\SHOPPINGMALL\SHOPPINGMALL.v" line 28. All outputs of instance <c2> of block <counter> are unconnected in block <SHOPPINGMALL>. Underlying logic will be removed.
WARNING:Xst:2972 - "G:\SHOPPING_MALL\SHOPPINGMALL\SHOPPINGMALL.v" line 29. All outputs of instance <m1> of block <FULL_SUBTRACTOR> are unconnected in block <SHOPPINGMALL>. Underlying logic will be removed.

=========================================================================
*                           HDL Synthesis                               *
=========================================================================

Synthesizing Unit <SHOPPINGMALL>.
    Related source file is "G:\SHOPPING_MALL\SHOPPINGMALL\SHOPPINGMALL.v".
INFO:Xst:3210 - "G:\SHOPPING_MALL\SHOPPINGMALL\SHOPPINGMALL.v" line 27: Output port <counter_output> of the instance <c1> is unconnected or connected to loadless signal.
INFO:Xst:3210 - "G:\SHOPPING_MALL\SHOPPINGMALL\SHOPPINGMALL.v" line 28: Output port <counter_output> of the instance <c2> is unconnected or connected to loadless signal.
INFO:Xst:3210 - "G:\SHOPPING_MALL\SHOPPINGMALL\SHOPPINGMALL.v" line 29: Output port <D> of the instance <m1> is unconnected or connected to loadless signal.
INFO:Xst:3210 - "G:\SHOPPING_MALL\SHOPPINGMALL\SHOPPINGMALL.v" line 29: Output port <B> of the instance <m1> is unconnected or connected to loadless signal.
WARNING:Xst:653 - Signal <yy> is used but never assigned. This sourceless signal will be automatically connected to value GND.
WARNING:Xst:653 - Signal <Q<4>> is used but never assigned. This sourceless signal will be automatically connected to value GND.
WARNING:Xst:653 - Signal <Q<0>> is used but never assigned. This sourceless signal will be automatically connected to value GND.
    Summary:
	no macro.
Unit <SHOPPINGMALL> synthesized.

=========================================================================
HDL Synthesis Report

Found no macro
=========================================================================

=========================================================================
*                       Advanced HDL Synthesis                          *
=========================================================================


=========================================================================
Advanced HDL Synthesis Report

Found no macro
=========================================================================

=========================================================================
*                         Low Level Synthesis                           *
=========================================================================

Optimizing unit <SHOPPINGMALL> ...

Mapping all equations...
Building and optimizing final netlist ...
Found area constraint ratio of 100 (+ 5) on block SHOPPINGMALL, actual ratio is 0.

Final Macro Processing ...

=========================================================================
Final Register Report

Found no macro
=========================================================================

=========================================================================
*                           Partition Report                            *
=========================================================================

Partition Implementation Status
-------------------------------

  No Partitions were found in this design.

-------------------------------

=========================================================================
*                            Design Summary                             *
=========================================================================

Top Level Output File Name         : SHOPPINGMALL.ngc

Primitive and Black Box Usage:
------------------------------
# BELS                             : 1
#      GND                         : 1
# IO Buffers                       : 4
#      OBUF                        : 4

Device utilization summary:
---------------------------

Selected Device : 7a100tcsg324-3 


Slice Logic Utilization: 

Slice Logic Distribution: 
 Number of LUT Flip Flop pairs used:      0
   Number with an unused Flip Flop:       0  out of      0         
   Number with an unused LUT:             0  out of      0         
   Number of fully used LUT-FF pairs:     0  out of      0         
   Number of unique control sets:         0

IO Utilization: 
 Number of IOs:                           8
 Number of bonded IOBs:                   4  out of    210     1%  

Specific Feature Utilization:

---------------------------
Partition Resource Summary:
---------------------------

  No Partitions were found in this design.

---------------------------


=========================================================================
Timing Report

NOTE: THESE TIMING NUMBERS ARE ONLY A SYNTHESIS ESTIMATE.
      FOR ACCURATE TIMING INFORMATION PLEASE REFER TO THE TRACE REPORT
      GENERATED AFTER PLACE-and-ROUTE.

Clock Information:
------------------
No clock signals found in this design

Asynchronous Control Signals Information:
----------------------------------------
No asynchronous control signals found in this design

Timing Summary:
---------------
Speed Grade: -3

   Minimum period: No path found
   Minimum input arrival time before clock: No path found
   Maximum output required time after clock: No path found
   Maximum combinational path delay: No path found

Timing Details:
---------------
All values displayed in nanoseconds (ns)

=========================================================================

Cross Clock Domains Report:
--------------------------

=========================================================================


Total REAL time to Xst completion: 84.00 secs
Total CPU time to Xst completion: 84.55 secs
 
--> 

Total memory usage is 473160 kilobytes

Number of errors   :    0 (   0 filtered)
Number of warnings :   14 (   0 filtered)
Number of infos    :    4 (   0 filtered)

